(---------------------------------------------------------------------)
(                                                                     )
(    NC DRILL Log                                                     )
(                                                                     )
(    Drawing          : #Taaaaaa07972.tmp                             )
(    Software Version : 16.3S021                                      )
(    Date/Time        : Fri Aug 31 16:06:08 2012                      )
(                                                                     )
(---------------------------------------------------------------------)



 Processing NC Parameters file ...

 NC PARAMETERS
 -------------

 FORMAT   		2.3
 MACHINE-OFFSET		x:0.000000	y:0.000000
 FEEDRATE		1
 COORDINATES		ABSOLUTE
 OUTPUT-UNITS		ENGLISH
 TOOL-ORDER		INCREASING
 REPEAT-CODES		YES
 SUPPRESS-LEAD-ZEROES	NO
 SUPPRESS-TRAIL-ZEROES	NO
 SUPPRESS-EQUAL		NO
 TOOL-SELECT		NO
 HEADER			none
 LEADER			12
 CODE			ASCII
 SEPARATE		NO
 OPTIMIZE_DRILLING	NO
 ENHANCED_EXCELLON	NO
 SCALE			1.000000

 WARNING: Design precision is greater than that of the drill output file data.
          Data rounding errors are very possible.


 Drill files being output to directory 'D:/Misc/MBseq/worklib/mbseq/physical' ...



     'mbseq37-1-2.drl' created for holes connecting TOP and BOTTOM
     -------------------------------------------------------------

           Num     Size      +/- Tolerance     Plating   Quantity

            1.  28.0000    0.0000/  0.0000      PLATED         18
            2.  31.0000    0.0000/  0.0000      PLATED         49
            3.  38.0000    0.0000/  0.0000      PLATED          6
            4.  40.0000    0.0000/  0.0000      PLATED         75
            5.  51.2000    0.0000/  0.0000      PLATED         96
            6.  89.0000    0.0000/  0.0000  NON_PLATED          4
            7. 135.0000    0.0000/  0.0000  NON_PLATED          4
            8. 145.0000    0.0000/  0.0000  NON_PLATED         24

     ---- Total holes:                                        276

     ---- Total head travel:              26.32 feet (8.02 meters)

