(---------------------------------------------------------------------)
(                                                                     )
(    NC ROUTE Log                                                     )
(                                                                     )
(    Drawing          : #Taaaaaa07456.tmp                             )
(    Software Version : 16.3S021                                      )
(    Date/Time        : Mon Aug 20 14:58:00 2012                      )
(                                                                     )
(---------------------------------------------------------------------)



 Processing NC Parameters file ...

 NC PARAMETERS
 -------------

 FORMAT   		2.3
 MACHINE-OFFSET		x:0.000000	y:0.000000
 FEEDRATE		1
 COORDINATES		ABSOLUTE
 OUTPUT-UNITS		ENGLISH
 TOOL-ORDER		INCREASING
 REPEAT-CODES		YES
 SUPPRESS-LEAD-ZEROES	NO
 SUPPRESS-TRAIL-ZEROES	NO
 SUPPRESS-EQUAL		NO
 TOOL-SELECT		NO
 HEADER			none
 LEADER			12
 CODE			ASCII
 SEPARATE		NO
 OPTIMIZE_DRILLING	NO
 ENHANCED_EXCELLON	NO
 SCALE			1.000000

-------------------------------------------------------------

 Processing route path data ...

 WARNING: No route path data was found for processing.

-------------------------------------------------------------

 Processing slot hole data ...

 WARNING: Can't find NC Route bit file (ncroutebits.txt)!
          Using T01 to route ALL route cuts.

 WARNING: No toolcode of a size the same as or smaller than 60 found for an OVAL slot!
          Defaulting to T01 as toolname.

 WARNING: No toolcode of a size the same as or smaller than 60 found for an OVAL slot!
          Defaulting to T01 as toolname.

 WARNING: No toolcode of a size the same as or smaller than 60 found for an OVAL slot!
          Defaulting to T01 as toolname.

 WARNING: No toolcode of a size the same as or smaller than 60 found for an OVAL slot!
          Defaulting to T01 as toolname.

 WARNING: No toolcode of a size the same as or smaller than 60 found for an OVAL slot!
          Defaulting to T01 as toolname.

 WARNING: No toolcode of a size the same as or smaller than 60 found for an OVAL slot!
          Defaulting to T01 as toolname.

 WARNING: No toolcode of a size the same as or smaller than 60 found for an OVAL slot!
          Defaulting to T01 as toolname.

 WARNING: No toolcode of a size the same as or smaller than 60 found for an OVAL slot!
          Defaulting to T01 as toolname.

 WARNING: No toolcode of a size the same as or smaller than 60 found for an OVAL slot!
          Defaulting to T01 as toolname.

 WARNING: No toolcode of a size the same as or smaller than 60 found for an OVAL slot!
          Defaulting to T01 as toolname.

 WARNING: No toolcode of a size the same as or smaller than 60 found for an OVAL slot!
          Defaulting to T01 as toolname.

 WARNING: No toolcode of a size the same as or smaller than 60 found for an OVAL slot!
          Defaulting to T01 as toolname.

 WARNING: No toolcode of a size the same as or smaller than 60 found for an OVAL slot!
          Defaulting to T01 as toolname.

 WARNING: No toolcode of a size the same as or smaller than 60 found for an OVAL slot!
          Defaulting to T01 as toolname.

 WARNING: No toolcode of a size the same as or smaller than 60 found for an OVAL slot!
          Defaulting to T01 as toolname.

 WARNING: No toolcode of a size the same as or smaller than 60 found for an OVAL slot!
          Defaulting to T01 as toolname.

 OVAL      slots routed: 16
 RECTANGLE slots routed: 0

-------------------------------------------------------------

 NC Route file mbseq06.rou created WITH WARNINGS ... Program completed.

