OLECS VERSION = 15.50 - Nov 29 2010 14:59:49, Project file D:\Misc\MBseq\mbseq.cpm
OLECS: OLServer::initOLServerEntered.
OLECS: OLServer::registerInterestEntered.
OLECS: OLServer::exportFunctionEntered.
OLECS: OLServer::exportFunctionExited.
OLECS: OLServer::registerInterestExited.
OLECS: OLServer::initOLServerExited.
OLECS: reloadOPFEntered.
OLECS: OLServer::globalhiliteHndlrEntered.
OLECS: OLServer::hiliteHndlrEntered.
OLECS: OLServer::hiliteHndlrExited.
OLECS: OLServer::globalhiliteHndlrExited.
OLECS: OLServer::localhiliteHndlrEntered.
OLECS: reloadOPFEntered.
OLECS: OLServer::globalhiliteHndlrEntered.
OLECS: OLServer::hiliteHndlrEntered.
OLECS: OLServer::hiliteHndlrExited.
OLECS: OLServer::globalhiliteHndlrExited.
OLECS: OLServer::localhiliteHndlrEntered.
OLECS: OLServer::globalhiliteHndlrEntered.
OLECS: OLServer::hiliteHndlrEntered.
OLECS: OLServer::hiliteHndlrExited.
OLECS: OLServer::globalhiliteHndlrExited.
OLECS: OLServer::localhiliteHndlrEntered.
OLECS: callExitEntered.
OLECS: callExitExited.
OLECS: cmfeedback called on CMExit
OLECS: CM detached 
Sending CM quit message to Concept
OLECS: Exiting CMServer
OLECS: RedsPIExitOLECS: unload consmgr.dll called
OLECS: unloaded consmgr.dll
