temp/xxnedtmp1/event.log NEWFILE1
temp/xxnedtmp1/text.log NEWFILE2
temp/xxnedtmp1/environ.log NEWFILE3
\\applpark\technology\Electronics\InProcess\tools\npielect\GE_Library_16\AutoSetupFiles\SITE\cdssetup/concept/concepthdl.scr FILE4
C:\Cadence\SPB_16.3/share/cdssetup/concept/concepthdl.scr FILE5
.\cds.lib FILE6
D:\Misc\MBseq\worklib\mbseq\sch_1\page1.csb FILE7
D:\Misc\MBseq\worklib\mbseq\sch_1\page1_csb.lck NEWFILE8
temp/xxnedtmp1/undo1.log NEWFILE9
\\applpark\technology\Electronics\InProcess\tools\npielect\GE_Library_16\Components\standard\ge_c_size_page\sym_1\symbol.css FILE10
\\applpark\technology\Electronics\InProcess\tools\npielect\GE_Library_16\Components\standard\ge_c_size_page/images/GE_Logo5.bmp FILE11
\\applpark\technology\Electronics\InProcess\tools\npielect\GE_Library_16\Components\s_switch\s_ec11b\sym_1\symbol.css FILE12
\\applpark\technology\Electronics\InProcess\tools\npielect\GE_Library_16\Components\j_connector2fjumper\j_2x5_st\sym_1\symbol.css FILE13
C:/Temp/con91B.tmp FILE14
\\applpark\technology\Electronics\InProcess\tools\npielect\GE_Library_16\AutoSetupFiles\SITE/cdssetup/concept/hide_all.scr FILE15
temp/xxnedtmp1/find.mkr NEWFILE16
C:/Cadence/SPB_16.3/tools/language/config.dat FILE17
temp/xxnedtmp1/concept.mkr NEWFILE18
C:/Cadence/SPB_16.3/tools/language/pack_type_rename.dat NEWFILE19
temp/xxnedtmp1/../s_ec11b.mkr NEWFILE20
temp/xxnedtmp1/../j_2x5_st.mkr NEWFILE21
temp/xxnedtmp1/../ge_c_size_page.mkr NEWFILE22
D:\Misc\MBseq\worklib\mbseq\sch_1\page1.csa FILE23
D:\Misc\MBseq\worklib\mbseq\sch_1\page1.csv FILE24
D:\Misc\MBseq\worklib\mbseq\sch_1\pc.db FILE25
temp/xxnedtmp1/netlister.mkr NEWFILE26
D:\Misc\MBseq\worklib\mbseq\packaged/pstback.dat FILE27
C:/Temp/con971.tmp FILE28
C:/Temp/con972.tmp FILE29
D:\Misc\MBseq\worklib\mbseq\sch_1\page1_csa.lck NEWFILE30
